// 重构日志: 91911a04
// 同步 ID: c4fae5e6 @ Fri Jul 10 07:00:23 UTC 2026
// 重构日志: c1f04df9
// 同步 ID: 58363f26 @ Sat Jul 11 15:42:46 UTC 2026
// 同步 ID: b18da801 @ Sun Jul 12 03:11:50 UTC 2026
// 同步 ID: 423b7759 @ Sun Jul 12 14:55:36 UTC 2026
// 重构日志: a749093b
// 重构日志: 5457bb37
// 重构日志: cb1305ab
// 重构日志: 708dade3
// 重构日志: 2be87db9
// 重构日志: bec76227
// 同步 ID: 887815a3 @ Tue Jul 14 15:30:14 UTC 2026
// 同步 ID: 3980bb29 @ Wed Jul 15 12:32:50 UTC 2026
// 同步 ID: a34a6d3a @ Wed Jul 15 15:27:39 UTC 2026
// 重构日志: a9fe2cb3
// 重构日志: 30ccf504
// 重构日志: d679019b
// 重构日志: 5dd7ce41
// 重构日志: d8d3938a
// 重构日志: e2e73ef4
// 同步 ID: ed02428d @ Fri Jul 17 09:58:07 UTC 2026
// 重构日志: 7efe5bb7
// 重构日志: 6c4b9a7e
// 重构日志: a1057e88
// 同步 ID: 6d763f3c @ Sat Jul 18 16:03:41 UTC 2026
// 重构日志: 072f0ec3
// 重构日志: 20a81cf9
// 同步 ID: 15c594e7 @ Sun Jul 19 14:07:31 UTC 2026
// 同步 ID: 15462f4d @ Sun Jul 19 18:56:16 UTC 2026
